*** Starting uWSGI 1.9.17.1-debian (64bit) on [Sun Jul  9 21:31:07 2017] ***
compiled with version: 4.8.2 on 23 March 2014 17:15:32
os: Linux-3.13.0-121-generic #170-Ubuntu SMP Wed Jun 14 09:04:33 UTC 2017
nodename: ip-172-31-15-96
machine: x86_64
clock source: unix
pcre jit disabled
detected number of CPU cores: 1
current working directory: /home/chedu/Chedu
writing pidfile to /home/chedu/Chedu/chedu.pid
detected binary path: /usr/bin/uwsgi-core
*** WARNING: you are running uWSGI without its master process manager ***
your processes number limit is 7861
your memory page size is 4096 bytes
detected max file descriptor number: 1024
lock engine: pthread robust mutexes
thunder lock: disabled (you can enable it with --thunder-lock)
uwsgi socket 0 bound to TCP address 127.0.0.1:3301 fd 3
Python version: 2.7.6 (default, Oct 26 2016, 20:33:43)  [GCC 4.8.4]
Set PythonHome to /home/chedu/Chedu
ImportError: No module named site
*** Starting uWSGI 1.9.17.1-debian (64bit) on [Sun Jul  9 21:44:28 2017] ***
compiled with version: 4.8.2 on 23 March 2014 17:15:32
os: Linux-3.13.0-121-generic #170-Ubuntu SMP Wed Jun 14 09:04:33 UTC 2017
nodename: ip-172-31-15-96
machine: x86_64
clock source: unix
pcre jit disabled
detected number of CPU cores: 1
current working directory: /home/chedu/Chedu
writing pidfile to /home/chedu/Chedu/chedu.pid
detected binary path: /usr/bin/uwsgi-core
*** WARNING: you are running uWSGI without its master process manager ***
your processes number limit is 7861
your memory page size is 4096 bytes
detected max file descriptor number: 1024
lock engine: pthread robust mutexes
thunder lock: disabled (you can enable it with --thunder-lock)
uwsgi socket 0 bound to TCP address 127.0.0.1:3301 fd 3
Python version: 2.7.6 (default, Oct 26 2016, 20:33:43)  [GCC 4.8.4]
Set PythonHome to /home/chedu/Chedu
ImportError: No module named site
*** Starting uWSGI 1.9.17.1-debian (64bit) on [Sun Jul  9 21:47:07 2017] ***
compiled with version: 4.8.2 on 23 March 2014 17:15:32
os: Linux-3.13.0-121-generic #170-Ubuntu SMP Wed Jun 14 09:04:33 UTC 2017
nodename: ip-172-31-15-96
machine: x86_64
clock source: unix
pcre jit disabled
detected number of CPU cores: 1
current working directory: /home/chedu/Chedu
writing pidfile to /home/chedu/Chedu/chedu.pid
detected binary path: /usr/bin/uwsgi-core
*** WARNING: you are running uWSGI without its master process manager ***
your processes number limit is 7861
your memory page size is 4096 bytes
detected max file descriptor number: 1024
lock engine: pthread robust mutexes
thunder lock: disabled (you can enable it with --thunder-lock)
uwsgi socket 0 bound to TCP address 127.0.0.1:3301 fd 3
Python version: 2.7.6 (default, Oct 26 2016, 20:33:43)  [GCC 4.8.4]
Set PythonHome to /home/chedu/Chedu
ImportError: No module named site
*** Starting uWSGI 1.9.17.1-debian (64bit) on [Sun Jul  9 21:50:26 2017] ***
compiled with version: 4.8.2 on 23 March 2014 17:15:32
os: Linux-3.13.0-121-generic #170-Ubuntu SMP Wed Jun 14 09:04:33 UTC 2017
nodename: ip-172-31-15-96
machine: x86_64
clock source: unix
pcre jit disabled
detected number of CPU cores: 1
current working directory: /home/chedu/Chedu
writing pidfile to /home/chedu/Chedu/chedu.pid
detected binary path: /usr/bin/uwsgi-core
*** WARNING: you are running uWSGI without its master process manager ***
your processes number limit is 7861
your memory page size is 4096 bytes
detected max file descriptor number: 1024
lock engine: pthread robust mutexes
thunder lock: disabled (you can enable it with --thunder-lock)
uwsgi socket 0 bound to TCP address 127.0.0.1:3301 fd 3
Python version: 2.7.6 (default, Oct 26 2016, 20:33:43)  [GCC 4.8.4]
Set PythonHome to /home/chedu/Chedu/venv
*** Python threads support is disabled. You can enable it with --enable-threads ***
Python main interpreter initialized at 0x1273fc0
your server socket listen backlog is limited to 100 connections
your mercy for graceful operations on workers is 60 seconds
mapped 72792 bytes (71 KB) for 1 cores
*** Operational MODE: single process ***
added /home/chedu/Chedu/ to pythonpath.
WSGI app 0 (mountpoint='') ready in 0 seconds on interpreter 0x1273fc0 pid: 5591 (default app)
mountpoint  already configured. skip.
*** uWSGI is running in multiple interpreter mode ***
spawned uWSGI worker 1 (and the only) (pid: 5591, cores: 1)
[pid: 5591|app: 0|req: 1/1] 169.233.31.35 () {42 vars in 714 bytes} [Sun Jul  9 21:50:29 2017] GET / => generated 92 bytes in 4 msecs (HTTP/1.1 200) 2 headers in 79 bytes (1 switches on core 0)
[pid: 5591|app: 0|req: 2/2] 169.233.31.35 () {44 vars in 712 bytes} [Sun Jul  9 21:50:30 2017] GET /favicon.ico => generated 233 bytes in 6 msecs (HTTP/1.1 404) 2 headers in 72 bytes (1 switches on core 0)
